<?xml version="1.0" encoding="UTF-8"?>
<!-- Generated by org.testng.reporters.JUnitReportReporter -->
<testsuite hostname="LAPTOP-6C83E4LU" name="com.ixigo.TestCases.IXIGO_HomePageTests" tests="2" failures="0" timestamp="6 Sep 2020 11:04:31 GMT" time="6.107" errors="0">
  <testcase name="ValidateHomePage" time="0.026" classname="com.ixigo.TestCases.IXIGO_HomePageTests"/>
  <testcase name="SearchFlight" time="6.081" classname="com.ixigo.TestCases.IXIGO_HomePageTests"/>
</testsuite> <!-- com.ixigo.TestCases.IXIGO_HomePageTests -->
