<?xml version="1.0" encoding="UTF-8"?>
<!-- Generated by org.testng.reporters.JUnitReportReporter -->
<testsuite hostname="LAPTOP-6C83E4LU" name="com.ixigo.TestCases.IXIGO_FlightResultTest" tests="5" failures="0" timestamp="6 Sep 2020 11:04:31 GMT" time="11.516" errors="0">
  <testcase name="ValidateAirlinesdetails" time="2.398" classname="com.ixigo.TestCases.IXIGO_FlightResultTest"/>
  <testcase name="ValidateNumberOfAirlinesOptions" time="0.151" classname="com.ixigo.TestCases.IXIGO_FlightResultTest"/>
  <testcase name="ValidateResultPage" time="0.009" classname="com.ixigo.TestCases.IXIGO_FlightResultTest"/>
  <testcase name="ValidateNumberOfDepartureOptions" time="0.098" classname="com.ixigo.TestCases.IXIGO_FlightResultTest"/>
  <testcase name="ValidateNumberOfStopOptions" time="8.860" classname="com.ixigo.TestCases.IXIGO_FlightResultTest"/>
</testsuite> <!-- com.ixigo.TestCases.IXIGO_FlightResultTest -->
