<?xml version="1.0" encoding="UTF-8"?>
<!-- Generated by org.testng.reporters.JUnitReportReporter -->
<testsuite hostname="LAPTOP-6C83E4LU" name="com.ixigo.TestCases.IXIGO_HomePageTests" tests="2" failures="0" timestamp="21 Aug 2020 17:58:37 GMT" time="6.530" errors="0">
  <testcase name="ValidateHomePage" time="0.030" classname="com.ixigo.TestCases.IXIGO_HomePageTests"/>
  <testcase name="SearchFlight" time="6.500" classname="com.ixigo.TestCases.IXIGO_HomePageTests"/>
</testsuite> <!-- com.ixigo.TestCases.IXIGO_HomePageTests -->
